<?xml version="1.0" encoding="UTF-8"?>
<!-- Generated by org.testng.reporters.JUnitReportReporter -->
<testsuite hostname="idc212" failures="0" tests="6" name="TestCases.TestClass1" time="0.024" errors="0" timestamp="01 Nov 2023 13:11:32 GMT" skipped="0">
  <testcase classname="TestCases.TestClass1" name="testcase2" time="0.011"/>
  <testcase classname="TestCases.TestClass1" name="testcase6" time="0.001"/>
  <testcase classname="TestCases.TestClass1" name="testcase3" time="0.002"/>
  <testcase classname="TestCases.TestClass1" name="testcase4" time="0.001"/>
  <testcase classname="TestCases.TestClass1" name="testcase7" time="0.007"/>
  <testcase classname="TestCases.TestClass1" name="testcase5" time="0.002"/>
</testsuite> <!-- TestCases.TestClass1 -->
