<?xml version="1.0" encoding="UTF-8"?>
<!-- Generated by org.testng.reporters.JUnitReportReporter -->
<testsuite hostname="idc212" failures="0" tests="3" name="TestCases.TestClass" time="0.016" errors="0" timestamp="30 Oct 2023 09:20:23 GMT" skipped="0">
  <testcase classname="TestCases.TestClass" name="test2" time="0.004"/>
  <testcase classname="TestCases.TestClass" name="test1" time="0.011"/>
  <testcase classname="TestCases.TestClass" name="test3" time="0.001"/>
</testsuite> <!-- TestCases.TestClass -->
