<?xml version="1.0" encoding="UTF-8"?>
<!-- Generated by org.testng.reporters.JUnitReportReporter -->
<testsuite hostname="idc212" failures="0" tests="6" name="TestCases.TestClass" time="0.030" errors="0" timestamp="01 Nov 2023 13:11:22 GMT" skipped="0">
  <testcase classname="TestCases.TestClass" name="test6" time="0.001"/>
  <testcase classname="TestCases.TestClass" name="test1" time="0.017"/>
  <testcase classname="TestCases.TestClass" name="test3" time="0.002"/>
  <testcase classname="TestCases.TestClass" name="test4" time="0.003"/>
  <testcase classname="TestCases.TestClass" name="test2" time="0.004"/>
  <testcase classname="TestCases.TestClass" name="test5" time="0.003"/>
</testsuite> <!-- TestCases.TestClass -->
